<?xml version="1.0" encoding="UTF-8"?>
<testsuite name="TRMS_Tests.ConnectionUtil.ConnectionUtilTest" tests="1" skipped="0" failures="0" errors="0" timestamp="2020-11-23T05:59:04" hostname="DESKTOP-VLH52C9" time="0.032">
  <properties/>
  <testcase name="test" classname="TRMS_Tests.ConnectionUtil.ConnectionUtilTest" time="0.032"/>
  <system-out><![CDATA[]]></system-out>
  <system-err><![CDATA[]]></system-err>
</testsuite>
