<?xml version="1.0" encoding="UTF-8"?>
<testsuite name="TRMS_Tests.TRMSDao.SupportingDaoTests" tests="5" skipped="0" failures="0" errors="0" timestamp="2020-12-04T23:37:32" hostname="DESKTOP-VLH52C9" time="0.175">
  <properties/>
  <testcase name="deleteSupportingDocTest" classname="TRMS_Tests.TRMSDao.SupportingDaoTests" time="0.035"/>
  <testcase name="selectAllDocumentsTest" classname="TRMS_Tests.TRMSDao.SupportingDaoTests" time="0.035"/>
  <testcase name="insertSupportingTest" classname="TRMS_Tests.TRMSDao.SupportingDaoTests" time="0.034"/>
  <testcase name="selectSupportingDocTest" classname="TRMS_Tests.TRMSDao.SupportingDaoTests" time="0.035"/>
  <testcase name="updateSupportingDocTest" classname="TRMS_Tests.TRMSDao.SupportingDaoTests" time="0.035"/>
  <system-out><![CDATA[]]></system-out>
  <system-err><![CDATA[]]></system-err>
</testsuite>
